<?xml version="1.0" encoding="UTF-8"?>
<!-- Generated by org.testng.reporters.JUnitXMLReporter -->
<testsuite hostname="DESKTOP-99FK3RL" ignored="2" name="Test" tests="9" failures="3" timestamp="2021-06-15T20:29:57 IST" time="62.961" errors="0">
  <testcase name="@AfterMethod logoutOfApp" time="0.004" classname="com.crm.comcast.GenericUtiles.BaseClass">
    <failure type="java.lang.NullPointerException">
      <![CDATA[java.lang.NullPointerException
at com.crm.comcast.GenericUtiles.BaseClass.logoutOfApp(BaseClass.java:75)
at java.util.ArrayList.forEach(Unknown Source)
... Removed 32 stack frames]]>
    </failure>
  </testcase> <!-- @AfterMethod logoutOfApp -->
  <testcase name="@AfterClass closeBrowser" time="-1.623769154792E9" classname="com.crm.comcast.GenericUtiles.BaseClass">
    <skipped/>
  </testcase> <!-- @AfterClass closeBrowser -->
  <testcase name="@AfterMethod logoutOfApp" time="0.001" classname="com.crm.comcast.GenericUtiles.BaseClass">
    <failure type="java.lang.NullPointerException">
      <![CDATA[java.lang.NullPointerException
at com.crm.comcast.GenericUtiles.BaseClass.logoutOfApp(BaseClass.java:75)
at java.util.ArrayList.forEach(Unknown Source)
... Removed 32 stack frames]]>
    </failure>
  </testcase> <!-- @AfterMethod logoutOfApp -->
  <testcase name="@AfterClass closeBrowser" time="-1.623769186604E9" classname="com.crm.comcast.GenericUtiles.BaseClass">
    <skipped/>
  </testcase> <!-- @AfterClass closeBrowser -->
  <testcase name="DatabaseExecuteQuery" time="0.678" classname="com.crm.comcast_Practice.SampleJDBCExecuteQuery"/>
  <testcase name="DatabaseExecuteUpdate" time="0.069" classname="com.crm.comcast_Practice.SampleJDBCExecuteUpdate"/>
  <testcase name="demoproperty" time="0.121" classname="com.crm.comcast_Practice.DemoRead">
    <failure type="java.lang.NullPointerException">
      <![CDATA[java.lang.NullPointerException
at com.crm.comcast.GenericUtiles.DatabaseUtility.executeQueryAndGetData(DatabaseUtility.java:36)
at com.crm.comcast_Practice.DemoRead.demoproperty(DemoRead.java:33)
at java.util.ArrayList.forEach(Unknown Source)
... Removed 27 stack frames]]>
    </failure>
  </testcase> <!-- demoproperty -->
  <testcase name="SampleDebug" time="0.004" classname="com.crm.comcast_Practice.DemoDebug">
    <failure type="java.lang.ArithmeticException" message="/ by zero">
      <![CDATA[java.lang.ArithmeticException: / by zero
at com.crm.comcast_Practice.DemoDebug.division(DemoDebug.java:12)
at com.crm.comcast_Practice.DemoDebug.SampleDebug(DemoDebug.java:8)
at java.util.ArrayList.forEach(Unknown Source)
... Removed 27 stack frames]]>
    </failure>
  </testcase> <!-- SampleDebug -->
  <testcase name="readData" time="0.002" classname="com.crm.comcast_Practice.DemoDataProvider"/>
  <testcase name="readData" time="0.004" classname="com.crm.comcast_Practice.DemoDataProvider"/>
  <testcase name="CreateOrganization" time="10.375" classname="com.crm.comcast.VtigetTest.CreateOrganizationTest"/>
  <testcase name="CreateOrganization" time="20.184" classname="com.crm.comcast_Practice.CreateOrganizationTest">
    <failure type="org.openqa.selenium.NoSuchElementException" message="no such element: Unable to locate element: {&amp;quot;method&amp;quot;:&amp;quot;xpath&amp;quot;,&amp;quot;selector&amp;quot;:&amp;quot;//img[@title=&amp;apos;Create Organization...&amp;apos;]&amp;quot;}
  (Session info: chrome=91.0.4472.101)
For documentation on this error, please visit: https://www.seleniumhq.org/exceptions/no_such_element.html
Build info: version: &amp;apos;3.141.59&amp;apos;, revision: &amp;apos;e82be7d358&amp;apos;, time: &amp;apos;2018-11-14T08:17:03&amp;apos;
System info: host: &amp;apos;DESKTOP-99FK3RL&amp;apos;, ip: &amp;apos;192.168.62.1&amp;apos;, os.name: &amp;apos;Windows 10&amp;apos;, os.arch: &amp;apos;amd64&amp;apos;, os.version: &amp;apos;10.0&amp;apos;, java.version: &amp;apos;1.8.0_201&amp;apos;
Driver info: org.openqa.selenium.chrome.ChromeDriver
Capabilities {acceptInsecureCerts: false, browserName: chrome, browserVersion: 91.0.4472.101, chrome: {chromedriverVersion: 90.0.4430.24 (4c6d850f087da..., userDataDir: C:\Users\RAMYAR~1\AppData\L...}, goog:chromeOptions: {debuggerAddress: localhost:55158}, javascriptEnabled: true, networkConnectionEnabled: false, pageLoadStrategy: normal, platform: WINDOWS, platformName: WINDOWS, proxy: Proxy(), setWindowRect: true, strictFileInteractability: false, timeouts: {implicit: 0, pageLoad: 300000, script: 30000}, unhandledPromptBehavior: dismiss and notify, webauthn:extension:largeBlob: true, webauthn:virtualAuthenticators: true}
Session ID: e4114a890d8e45f2f0d8fa9b8f0ae98c
*** Element info: {Using=xpath, value=//img[@title=&amp;apos;Create Organization...&amp;apos;]}">
      <![CDATA[org.openqa.selenium.NoSuchElementException: no such element: Unable to locate element: {"method":"xpath","selector":"//img[@title='Create Organization...']"}
  (Session info: chrome=91.0.4472.101)
For documentation on this error, please visit: https://www.seleniumhq.org/exceptions/no_such_element.html
Build info: version: '3.141.59', revision: 'e82be7d358', time: '2018-11-14T08:17:03'
System info: host: 'DESKTOP-99FK3RL', ip: '192.168.62.1', os.name: 'Windows 10', os.arch: 'amd64', os.version: '10.0', java.version: '1.8.0_201'
Driver info: org.openqa.selenium.chrome.ChromeDriver
Capabilities {acceptInsecureCerts: false, browserName: chrome, browserVersion: 91.0.4472.101, chrome: {chromedriverVersion: 90.0.4430.24 (4c6d850f087da..., userDataDir: C:\Users\RAMYAR~1\AppData\L...}, goog:chromeOptions: {debuggerAddress: localhost:55158}, javascriptEnabled: true, networkConnectionEnabled: false, pageLoadStrategy: normal, platform: WINDOWS, platformName: WINDOWS, proxy: Proxy(), setWindowRect: true, strictFileInteractability: false, timeouts: {implicit: 0, pageLoad: 300000, script: 30000}, unhandledPromptBehavior: dismiss and notify, webauthn:extension:largeBlob: true, webauthn:virtualAuthenticators: true}
Session ID: e4114a890d8e45f2f0d8fa9b8f0ae98c
*** Element info: {Using=xpath, value=//img[@title='Create Organization...']}
at org.openqa.selenium.remote.http.W3CHttpResponseCodec.createException(W3CHttpResponseCodec.java:187)
at org.openqa.selenium.remote.http.W3CHttpResponseCodec.decode(W3CHttpResponseCodec.java:122)
at org.openqa.selenium.remote.http.W3CHttpResponseCodec.decode(W3CHttpResponseCodec.java:49)
at org.openqa.selenium.remote.HttpCommandExecutor.execute(HttpCommandExecutor.java:158)
at org.openqa.selenium.remote.service.DriverCommandExecutor.execute(DriverCommandExecutor.java:83)
at org.openqa.selenium.remote.RemoteWebDriver.execute(RemoteWebDriver.java:552)
at org.openqa.selenium.remote.RemoteWebDriver.findElement(RemoteWebDriver.java:323)
at org.openqa.selenium.remote.RemoteWebDriver.findElementByXPath(RemoteWebDriver.java:428)
at org.openqa.selenium.By$ByXPath.findElement(By.java:353)
at org.openqa.selenium.remote.RemoteWebDriver.findElement(RemoteWebDriver.java:315)
at com.crm.comcast_Practice.CreateOrganizationTest.CreateOrganization(CreateOrganizationTest.java:30)
at java.util.ArrayList.forEach(Unknown Source)
... Removed 31 stack frames]]>
    </failure>
  </testcase> <!-- CreateOrganization -->
  <testcase name="demotest" time="10.576" classname="com.crm.comcast_Practice.DemoTest"/>
  <testcase name="@BeforeSuite makeDBConnection" time="0.0" classname="com.crm.comcast.GenericUtiles.BaseClass">
    <ignored/>
  </testcase> <!-- @BeforeSuite makeDBConnection -->
  <testcase name="@AfterSuite closeDB" time="0.0" classname="com.crm.comcast.GenericUtiles.BaseClass">
    <ignored/>
  </testcase> <!-- @AfterSuite closeDB -->
</testsuite> <!-- Test -->
